[debug] [2021-04-21T13:15:04.383Z] ----------------------------------------------------------------------
[debug] [2021-04-21T13:15:04.385Z] Command:       C:\Program Files\nodejs\node.exe C:\Users\mtoth\AppData\Roaming\npm\node_modules\firebase-tools\lib\bin\firebase.js serve
[debug] [2021-04-21T13:15:04.386Z] CLI Version:   9.10.0
[debug] [2021-04-21T13:15:04.386Z] Platform:      win32
[debug] [2021-04-21T13:15:04.386Z] Node Version:  v14.16.0
[debug] [2021-04-21T13:15:04.387Z] Time:          Wed Apr 21 2021 15:15:04 GMT+0200 (Central European Summer Time)
[debug] [2021-04-21T13:15:04.387Z] ----------------------------------------------------------------------
[debug] 
[debug] [2021-04-21T13:15:04.397Z] > command requires scopes: ["email","openid","https://www.googleapis.com/auth/cloudplatformprojects.readonly","https://www.googleapis.com/auth/firebase","https://www.googleapis.com/auth/cloud-platform"]
[debug] [2021-04-21T13:15:04.398Z] > authorizing via signed-in user (m.toth.gyuri9@gmail.com)
[debug] [2021-04-21T13:15:04.398Z] [iam] checking project bodorakku-575ca for permissions ["firebase.projects.get"]
[debug] [2021-04-21T13:15:04.400Z] >>> HTTP REQUEST POST https://cloudresourcemanager.googleapis.com/v1/projects/bodorakku-575ca:testIamPermissions  
 {"permissions":["firebase.projects.get"]}
[debug] [2021-04-21T13:15:04.621Z] <<< HTTP RESPONSE 200 {"content-type":"application/json; charset=UTF-8","vary":"X-Origin, Referer, Origin,Accept-Encoding","date":"Wed, 21 Apr 2021 13:15:05 GMT","server":"ESF","cache-control":"private","x-xss-protection":"0","x-frame-options":"SAMEORIGIN","x-content-type-options":"nosniff","server-timing":"gfet4t7; dur=130","alt-svc":"h3-29=\":443\"; ma=2592000,h3-T051=\":443\"; ma=2592000,h3-Q050=\":443\"; ma=2592000,h3-Q046=\":443\"; ma=2592000,h3-Q043=\":443\"; ma=2592000,quic=\":443\"; ma=2592000; v=\"46,43\"","accept-ranges":"none","transfer-encoding":"chunked"}
[debug] [2021-04-21T13:15:04.625Z] > refreshing access token with scopes: []
[debug] [2021-04-21T13:15:04.626Z] >>> HTTP REQUEST POST https://www.googleapis.com/oauth2/v3/token  
 <request body omitted>
[debug] [2021-04-21T13:15:04.734Z] <<< HTTP RESPONSE 200 {"expires":"Mon, 01 Jan 1990 00:00:00 GMT","cache-control":"no-cache, no-store, max-age=0, must-revalidate","pragma":"no-cache","date":"Wed, 21 Apr 2021 13:15:05 GMT","content-type":"application/json; charset=utf-8","vary":"X-Origin, Referer, Origin,Accept-Encoding","server":"scaffolding on HTTPServer2","x-xss-protection":"0","x-frame-options":"SAMEORIGIN","x-content-type-options":"nosniff","alt-svc":"h3-29=\":443\"; ma=2592000,h3-T051=\":443\"; ma=2592000,h3-Q050=\":443\"; ma=2592000,h3-Q046=\":443\"; ma=2592000,h3-Q043=\":443\"; ma=2592000,quic=\":443\"; ma=2592000; v=\"46,43\"","accept-ranges":"none","transfer-encoding":"chunked"}
[debug] [2021-04-21T13:15:04.764Z] >>> [apiv2][query] GET https://firebase.googleapis.com/v1beta1/projects/bodorakku-575ca [none]
[debug] [2021-04-21T13:15:04.938Z] <<< [apiv2][status] GET https://firebase.googleapis.com/v1beta1/projects/bodorakku-575ca 200
[debug] [2021-04-21T13:15:04.938Z] <<< [apiv2][body] GET https://firebase.googleapis.com/v1beta1/projects/bodorakku-575ca {"projectId":"bodorakku-575ca","projectNumber":"803513792191","displayName":"BodorAkku","name":"projects/bodorakku-575ca","resources":{"hostingSite":"bodorakku-575ca","storageBucket":"bodorakku-575ca.appspot.com","locationId":"europe-west"},"state":"ACTIVE"}
[info] 
[info] === Serving from 'D:\Programming\REACT\BodorAkku'...
[info] 
[debug] [2021-04-21T13:15:04.943Z] >>> [apiv2][query] GET https://firebase.googleapis.com/v1beta1/projects/bodorakku-575ca/webApps/-/config [none]
[debug] [2021-04-21T13:15:05.651Z] <<< [apiv2][status] GET https://firebase.googleapis.com/v1beta1/projects/bodorakku-575ca/webApps/-/config 200
[debug] [2021-04-21T13:15:05.651Z] <<< [apiv2][body] GET https://firebase.googleapis.com/v1beta1/projects/bodorakku-575ca/webApps/-/config {"projectId":"bodorakku-575ca","appId":"1:803513792191:web:43140cbf484eb0b8e7780a","storageBucket":"bodorakku-575ca.appspot.com","locationId":"europe-west","apiKey":"AIzaSyCjeNLi4OVrXNAqNUioyxfIaYiByUkXhyQ","authDomain":"bodorakku-575ca.firebaseapp.com","messagingSenderId":"803513792191"}
[info] i  hosting: Serving hosting files from: build {"metadata":{"emulator":{"name":"hosting"},"message":"Serving hosting files from: \u001b[1mbuild\u001b[22m"}}
[info] +  hosting: Local server: http://localhost:5000 {"metadata":{"emulator":{"name":"hosting"},"message":"Local server: \u001b[4m\u001b[1mhttp://localhost:5000\u001b[22m\u001b[24m"}}
